
2017-01-22 14:28:48.022618 [ERROR] [DHTSetup.cc:109] Exception caught while loading DHT routing table from C:/Users/31491/.cache/aria2/dht.dat
Exception: [DHTRoutingTableDeserializer.cc:83] errorCode=1 Failed to load DHT routing table from C:/Users/31491/.cache/aria2/dht.dat
2017-01-22 15:16:16.197932 [ERROR] [DHTSetup.cc:109] Exception caught while loading DHT routing table from C:/Users/31491/.cache/aria2/dht.dat
Exception: [DHTRoutingTableDeserializer.cc:83] errorCode=1 Failed to load DHT routing table from C:/Users/31491/.cache/aria2/dht.dat
2017-01-22 15:43:53.394383 [ERROR] [DHTSetup.cc:109] Exception caught while loading DHT routing table from C:/Users/31491/.cache/aria2/dht.dat
Exception: [DHTRoutingTableDeserializer.cc:83] errorCode=1 Failed to load DHT routing table from C:/Users/31491/.cache/aria2/dht.dat
2017-01-22 15:46:10.868415 [ERROR] [DHTSetup.cc:109] Exception caught while loading DHT routing table from C:/Users/31491/.cache/aria2/dht.dat
Exception: [DHTRoutingTableDeserializer.cc:83] errorCode=1 Failed to load DHT routing table from C:/Users/31491/.cache/aria2/dht.dat
2017-01-22 16:09:14.710110 [ERROR] [DHTSetup.cc:109] Exception caught while loading DHT routing table from C:/Users/31491/.cache/aria2/dht.dat
Exception: [DHTRoutingTableDeserializer.cc:83] errorCode=1 Failed to load DHT routing table from C:/Users/31491/.cache/aria2/dht.dat
2017-01-22 16:11:05.711953 [ERROR] [DHTSetup.cc:109] Exception caught while loading DHT routing table from C:/Users/31491/.cache/aria2/dht.dat
Exception: [DHTRoutingTableDeserializer.cc:83] errorCode=1 Failed to load DHT routing table from C:/Users/31491/.cache/aria2/dht.dat
2017-01-22 16:13:54.877337 [ERROR] [DHTSetup.cc:109] Exception caught while loading DHT routing table from C:/Users/31491/.cache/aria2/dht.dat
Exception: [DHTRoutingTableDeserializer.cc:83] errorCode=1 Failed to load DHT routing table from C:/Users/31491/.cache/aria2/dht.dat
2017-01-22 16:14:14.780807 [ERROR] [DHTSetup.cc:109] Exception caught while loading DHT routing table from C:/Users/31491/.cache/aria2/dht.dat
Exception: [DHTRoutingTableDeserializer.cc:83] errorCode=1 Failed to load DHT routing table from C:/Users/31491/.cache/aria2/dht.dat
2017-01-22 17:53:36.654716 [ERROR] [DHTSetup.cc:109] Exception caught while loading DHT routing table from C:/Users/31491/.cache/aria2/dht.dat
Exception: [DHTRoutingTableDeserializer.cc:83] errorCode=1 Failed to load DHT routing table from C:/Users/31491/.cache/aria2/dht.dat
2017-01-22 17:55:19.335716 [ERROR] [DHTSetup.cc:109] Exception caught while loading DHT routing table from C:/Users/31491/.cache/aria2/dht.dat
Exception: [DHTRoutingTableDeserializer.cc:83] errorCode=1 Failed to load DHT routing table from C:/Users/31491/.cache/aria2/dht.dat
2017-01-22 18:20:58.732332 [ERROR] [DHTSetup.cc:109] Exception caught while loading DHT routing table from C:/Users/31491/.cache/aria2/dht.dat
Exception: [DHTRoutingTableDeserializer.cc:83] errorCode=1 Failed to load DHT routing table from C:/Users/31491/.cache/aria2/dht.dat
2017-01-22 18:44:39.105750 [ERROR] [DHTSetup.cc:109] Exception caught while loading DHT routing table from C:/Users/31491/.cache/aria2/dht.dat
Exception: [DHTRoutingTableDeserializer.cc:83] errorCode=1 Failed to load DHT routing table from C:/Users/31491/.cache/aria2/dht.dat
2017-01-22 18:51:54.295585 [ERROR] [DHTSetup.cc:109] Exception caught while loading DHT routing table from C:/Users/31491/.cache/aria2/dht.dat
Exception: [DHTRoutingTableDeserializer.cc:83] errorCode=1 Failed to load DHT routing table from C:/Users/31491/.cache/aria2/dht.dat
2017-01-22 18:56:50.453733 [ERROR] [DHTSetup.cc:109] Exception caught while loading DHT routing table from C:/Users/31491/.cache/aria2/dht.dat
Exception: [DHTRoutingTableDeserializer.cc:83] errorCode=1 Failed to load DHT routing table from C:/Users/31491/.cache/aria2/dht.dat
2017-01-22 21:45:46.943279 [ERROR] [AbstractCommand.cc:351] CUID#14 - Download aborted. URI=https://download.jetbrains.com/webstorm/WebStorm-2016.3.2.exe
Exception: [AbstractCommand.cc:351] errorCode=5 URI=https://download.jetbrains.8686c.com/webstorm/WebStorm-2016.3.2.exe
  -> [DownloadCommand.cc:312] errorCode=5 Too slow Downloading speed: 9446 <= 10240(B/s), host:download.jetbrains.8686c.com
2017-01-24 14:28:31.788389 [ERROR] [AbstractCommand.cc:351] CUID#27 - Download aborted. URI=https://noto-website-2.storage.googleapis.com/pkgs/NotoSansCJKsc-hinted.zip
Exception: [AbstractCommand.cc:351] errorCode=5 URI=https://noto-website-2.storage.googleapis.com/pkgs/NotoSansCJKsc-hinted.zip
  -> [DownloadCommand.cc:312] errorCode=5 Too slow Downloading speed: 9176 <= 10240(B/s), host:noto-website-2.storage.googleapis.com
2017-01-24 14:28:37.404278 [ERROR] [AbstractCommand.cc:351] CUID#25 - Download aborted. URI=https://noto-website-2.storage.googleapis.com/pkgs/NotoSansCJKsc-hinted.zip
Exception: [AbstractCommand.cc:351] errorCode=5 URI=https://noto-website-2.storage.googleapis.com/pkgs/NotoSansCJKsc-hinted.zip
  -> [DownloadCommand.cc:312] errorCode=5 Too slow Downloading speed: 9798 <= 10240(B/s), host:noto-website-2.storage.googleapis.com
2017-01-24 16:39:44.108983 [ERROR] [download_helper.cc:423] Unrecognized URI or unsupported protocol: asdf
2017-01-24 16:40:44.684614 [ERROR] [download_helper.cc:423] Unrecognized URI or unsupported protocol: zsd
2017-01-24 16:46:43.061056 [ERROR] [DHTSetup.cc:109] Exception caught while loading DHT routing table from C:/Users/31491/.cache/aria2/dht.dat
Exception: [DHTRoutingTableDeserializer.cc:83] errorCode=1 Failed to load DHT routing table from C:/Users/31491/.cache/aria2/dht.dat
2017-01-24 17:00:38.738369 [ERROR] [DHTSetup.cc:109] Exception caught while loading DHT routing table from C:/Users/31491/.cache/aria2/dht.dat
Exception: [DHTRoutingTableDeserializer.cc:83] errorCode=1 Failed to load DHT routing table from C:/Users/31491/.cache/aria2/dht.dat
2017-01-24 17:52:45.996387 [ERROR] [DHTSetup.cc:109] Exception caught while loading DHT routing table from C:/Users/31491/.cache/aria2/dht.dat
Exception: [DHTRoutingTableDeserializer.cc:83] errorCode=1 Failed to load DHT routing table from C:/Users/31491/.cache/aria2/dht.dat
2017-01-24 18:20:13.701724 [ERROR] [DHTSetup.cc:109] Exception caught while loading DHT routing table from C:/Users/31491/.cache/aria2/dht.dat
Exception: [DHTRoutingTableDeserializer.cc:83] errorCode=1 Failed to load DHT routing table from C:/Users/31491/.cache/aria2/dht.dat
2017-01-24 18:35:27.996180 [ERROR] [DHTSetup.cc:109] Exception caught while loading DHT routing table from C:/Users/31491/.cache/aria2/dht.dat
Exception: [DHTRoutingTableDeserializer.cc:83] errorCode=1 Failed to load DHT routing table from C:/Users/31491/.cache/aria2/dht.dat
2017-01-24 18:38:20.513201 [ERROR] [AbstractCommand.cc:378] CUID#138 - Download aborted. URI=http://bt.henbt.com:2710/announce?info_hash=H%94%BDV%87%8E%E8%D5%40%B51p%16%7B%E7u%DCSJ%80&peer_id=A2-1-31-0-m%A58%23%3B%20%3F%BD%08s&uploaded=0&downloaded=0&left=1206068316&compact=1&key=8%23%3B%20%3F%BD%08s&numwant=50&no_peer_id=1&port=6918&event=started&supportcrypto=1
Exception: [AbstractCommand.cc:340] errorCode=2 Timeout.
2017-01-24 18:38:21.623408 [ERROR] [AbstractCommand.cc:351] CUID#367 - Download aborted. URI=http://tracker.torrent.to:2710/announce?info_hash=H%94%BDV%87%8E%E8%D5%40%B51p%16%7B%E7u%DCSJ%80&peer_id=A2-1-31-0-m%A58%23%3B%20%3F%BD%08s&uploaded=0&downloaded=1015808&left=1205052508&compact=1&key=8%23%3B%20%3F%BD%08s&numwant=0&no_peer_id=1&port=6918&event=started&supportcrypto=1
Exception: [AbstractCommand.cc:351] errorCode=19 URI=http://tracker.torrent.to:2710/announce?info_hash=H%94%BDV%87%8E%E8%D5%40%B51p%16%7B%E7u%DCSJ%80&peer_id=A2-1-31-0-m%A58%23%3B%20%3F%BD%08s&uploaded=0&downloaded=1015808&left=1205052508&compact=1&key=8%23%3B%20%3F%BD%08s&numwant=0&no_peer_id=1&port=6918&event=started&supportcrypto=1
  -> [AbstractCommand.cc:792] errorCode=19 CUID#367 - Name resolution for tracker.torrent.to failed:Domain name not found
2017-01-24 18:38:23.924143 [ERROR] [AbstractCommand.cc:351] CUID#375 - Download aborted. URI=http://tracker.torrenty.org:6969/announce?info_hash=H%94%BDV%87%8E%E8%D5%40%B51p%16%7B%E7u%DCSJ%80&peer_id=A2-1-31-0-m%A58%23%3B%20%3F%BD%08s&uploaded=0&downloaded=1064960&left=1205003356&compact=1&key=8%23%3B%20%3F%BD%08s&numwant=0&no_peer_id=1&port=6918&event=started&supportcrypto=1
Exception: [AbstractCommand.cc:351] errorCode=19 URI=http://tracker.torrenty.org:6969/announce?info_hash=H%94%BDV%87%8E%E8%D5%40%B51p%16%7B%E7u%DCSJ%80&peer_id=A2-1-31-0-m%A58%23%3B%20%3F%BD%08s&uploaded=0&downloaded=1064960&left=1205003356&compact=1&key=8%23%3B%20%3F%BD%08s&numwant=0&no_peer_id=1&port=6918&event=started&supportcrypto=1
  -> [AbstractCommand.cc:792] errorCode=19 CUID#375 - Name resolution for tracker.torrenty.org failed:Domain name not found
2017-01-24 18:40:27.930730 [ERROR] [AbstractCommand.cc:378] CUID#385 - Download aborted. URI=http://torrentz.ofgods.com:2710/announce?info_hash=H%94%BDV%87%8E%E8%D5%40%B51p%16%7B%E7u%DCSJ%80&peer_id=A2-1-31-0-m%A58%23%3B%20%3F%BD%08s&uploaded=0&downloaded=1130496&left=1204937820&compact=1&key=8%23%3B%20%3F%BD%08s&numwant=0&no_peer_id=1&port=6918&event=started&supportcrypto=1
Exception: [AbstractCommand.cc:340] errorCode=2 Timeout.
2017-01-24 18:42:31.525436 [ERROR] [AbstractCommand.cc:378] CUID#494 - Download aborted. URI=http://tracker.piecesnbits.net:2710/announce?info_hash=H%94%BDV%87%8E%E8%D5%40%B51p%16%7B%E7u%DCSJ%80&peer_id=A2-1-31-0-m%A58%23%3B%20%3F%BD%08s&uploaded=98304&downloaded=6881280&left=1199187036&compact=1&key=8%23%3B%20%3F%BD%08s&numwant=50&no_peer_id=1&port=6918&event=started&supportcrypto=1
Exception: [AbstractCommand.cc:340] errorCode=2 Timeout.
2017-01-24 18:44:34.429058 [ERROR] [AbstractCommand.cc:378] CUID#518 - Download aborted. URI=http://unme.findhere.org:2710/announce?info_hash=H%94%BDV%87%8E%E8%D5%40%B51p%16%7B%E7u%DCSJ%80&peer_id=A2-1-31-0-m%A58%23%3B%20%3F%BD%08s&uploaded=245760&downloaded=11501568&left=1194566748&compact=1&key=8%23%3B%20%3F%BD%08s&numwant=50&no_peer_id=1&port=6918&event=started&supportcrypto=1
Exception: [AbstractCommand.cc:340] errorCode=2 Timeout.
2017-01-24 18:47:25.582890 [ERROR] [DHTSetup.cc:109] Exception caught while loading DHT routing table from C:/Users/31491/.cache/aria2/dht.dat
Exception: [DHTRoutingTableDeserializer.cc:83] errorCode=1 Failed to load DHT routing table from C:/Users/31491/.cache/aria2/dht.dat
